  slime.cpp
  projectile.cpp
  button.cpp
C:\Users\Aula 1\Desktop\Delving-Into-Darkness\Delving Into Darkness Solution\src\game\enemy\slime.h(2,10): error C1083: No se puede abrir el archivo incluir: 'raylib.h': No such file or directory
  collisionManager.cpp
  (compilando archivo de origen "src/game/enemy/slime.cpp")
  
C:\Users\Aula 1\Desktop\Delving-Into-Darkness\Delving Into Darkness Solution\src\game\player\projectile\projectile.h(3,10): error C1083: No se puede abrir el archivo incluir: 'raylib.h': No such file or directory
  (compilando archivo de origen "src/game/player/projectile/projectile.cpp")
  
C:\Users\Aula 1\Desktop\Delving-Into-Darkness\Delving Into Darkness Solution\src\button\button.h(3,10): error C1083: No se puede abrir el archivo incluir: 'raylib.h': No such file or directory
  (compilando archivo de origen "src/button/button.cpp")
  
  globals.cpp
C:\Users\Aula 1\Desktop\Delving-Into-Darkness\Delving Into Darkness Solution\src\globals.h(3,10): error C1083: No se puede abrir el archivo incluir: 'raylib.h': No such file or directory
  (compilando archivo de origen "src/globals.cpp")
  
  menu.cpp
C:\Users\Aula 1\Desktop\Delving-Into-Darkness\Delving Into Darkness Solution\src\menu\menu.cpp(4,10): error C1083: No se puede abrir el archivo incluir: 'raylib.h': No such file or directory
  Delving_Into_Darkness.cpp
C:\Users\Aula 1\Desktop\Delving-Into-Darkness\Delving Into Darkness Solution\src\Delving_Into_Darkness.h(2,10): error C1083: No se puede abrir el archivo incluir: 'raylib.h': No such file or directory
  (compilando archivo de origen "src/Delving_Into_Darkness.cpp")
  
  game.cpp
C:\Users\Aula 1\Desktop\Delving-Into-Darkness\Delving Into Darkness Solution\src\game\game.h(3,10): error C1083: No se puede abrir el archivo incluir: 'raylib.h': No such file or directory
  (compilando archivo de origen "src/game/game.cpp")
  
  main.cpp
C:\Users\Aula 1\Desktop\Delving-Into-Darkness\Delving Into Darkness Solution\src\Delving_Into_Darkness.h(2,10): error C1083: No se puede abrir el archivo incluir: 'raylib.h': No such file or directory
  (compilando archivo de origen "src/main.cpp")
  
  Generando código...
